#
# There is insufficient memory for the Java Runtime Environment to continue.
# Native memory allocation (malloc) failed to allocate 658576 bytes for Chunk::new
# Possible reasons:
#   The system is out of physical RAM or swap space
#   In 32 bit mode, the process size limit was hit
# Possible solutions:
#   Reduce memory load on the system
#   Increase physical memory or swap space
#   Check if swap backing store is full
#   Use 64 bit Java on a 64 bit OS
#   Decrease Java heap size (-Xmx/-Xms)
#   Decrease number of Java threads
#   Decrease Java thread stack sizes (-Xss)
#   Set larger code cache with -XX:ReservedCodeCacheSize=
# This output file may be truncated or incomplete.
#
#  Out of Memory Error (allocation.cpp:390), pid=21040, tid=0x000000000000528c
#
# JRE version: OpenJDK Runtime Environment (8.0_152-b01) (build 1.8.0_152-release-915-b01)
# Java VM: OpenJDK 64-Bit Server VM (25.152-b01 mixed mode windows-amd64 compressed oops)
# Failed to write core dump. Minidumps are not enabled by default on client versions of Windows
#

---------------  T H R E A D  ---------------

Current thread (0x000000001a7dd800):  JavaThread "C2 CompilerThread2" daemon [_thread_in_native, id=21132, stack(0x000000001b0b0000,0x000000001b1b0000)]

Stack: [0x000000001b0b0000,0x000000001b1b0000]
[error occurred during error reporting (printing stack bounds), id 0xc0000005]

Native frames: (J=compiled Java code, j=interpreted, Vv=VM code, C=native code)


Current CompileTask:
C2: 118630 14064       4       java.io.ObjectOutputStream::writeNonProxyDesc (109 bytes)


---------------  P R O C E S S  ---------------

Java Threads: ( => current thread )
  0x000000001c52a800 JavaThread "Task worker for ':' Thread 7" [_thread_blocked, id=20048, stack(0x000000003e610000,0x000000003e710000)]
  0x000000001f310800 JavaThread "Task worker for ':' Thread 6" [_thread_blocked, id=21160, stack(0x000000003e510000,0x000000003e610000)]
  0x000000001f315800 JavaThread "Task worker for ':' Thread 5" [_thread_blocked, id=14180, stack(0x000000003e410000,0x000000003e510000)]
  0x000000001f315000 JavaThread "Task worker for ':' Thread 4" [_thread_blocked, id=4736, stack(0x000000003e310000,0x000000003e410000)]
  0x000000001f314000 JavaThread "Task worker for ':' Thread 3" [_thread_blocked, id=21460, stack(0x000000003e210000,0x000000003e310000)]
  0x000000001f316800 JavaThread "Task worker for ':' Thread 2" [_thread_blocked, id=20828, stack(0x000000003e110000,0x000000003e210000)]
  0x000000001f313800 JavaThread "Task worker for ':'" [_thread_blocked, id=10472, stack(0x000000003e010000,0x000000003e110000)]
  0x000000001f317000 JavaThread "Cache worker for task history cache (C:\Users\georg\AndroidStudioProjects\test2\.gradle\4.1\taskHistory)" [_thread_blocked, id=11836, stack(0x000000003df10000,0x000000003e010000)]
  0x000000001dbad800 JavaThread "Cache worker for file content cache (C:\Users\georg\AndroidStudioProjects\test2\.gradle\4.1\fileContent)" [_thread_blocked, id=7264, stack(0x000000003de10000,0x000000003df10000)]
  0x000000001dbbc800 JavaThread "build operations Thread 8" [_thread_blocked, id=19860, stack(0x000000003dd10000,0x000000003de10000)]
  0x000000001dbbc000 JavaThread "build operations Thread 7" [_thread_blocked, id=9056, stack(0x000000003dc10000,0x000000003dd10000)]
  0x000000001dbb9000 JavaThread "build operations Thread 6" [_thread_blocked, id=19508, stack(0x000000003db10000,0x000000003dc10000)]
  0x000000001dbbb000 JavaThread "build operations Thread 5" [_thread_blocked, id=1700, stack(0x000000003da10000,0x000000003db10000)]
  0x000000001dbb9800 JavaThread "build operations Thread 4" [_thread_blocked, id=7144, stack(0x000000003d910000,0x000000003da10000)]
  0x000000001dbb1000 JavaThread "build operations Thread 3" [_thread_blocked, id=16604, stack(0x000000003d810000,0x000000003d910000)]
  0x000000001dbb8000 JavaThread "build operations Thread 2" [_thread_blocked, id=8872, stack(0x000000003d710000,0x000000003d810000)]
  0x000000001dbb7800 JavaThread "build operations" [_thread_blocked, id=16612, stack(0x000000003d610000,0x000000003d710000)]
  0x000000001dbb3800 JavaThread "Cache worker for Artifact transforms cache (C:\Users\georg\.gradle\caches\transforms-1)" [_thread_blocked, id=19820, stack(0x000000003d510000,0x000000003d610000)]
  0x000000001dbb6800 JavaThread "Cache worker for file hash cache (C:\Users\georg\AndroidStudioProjects\test2\.gradle\4.1\fileHashes)" [_thread_blocked, id=17400, stack(0x000000003d410000,0x000000003d510000)]
  0x000000001dbb6000 JavaThread "Stdin handler" [_thread_blocked, id=20640, stack(0x000000003d310000,0x000000003d410000)]
  0x000000001dbb2000 JavaThread "Asynchronous log dispatcher for DefaultDaemonConnection: socket connection from /127.0.0.1:50791 to /127.0.0.1:50810" [_thread_blocked, id=20736, stack(0x000000003d210000,0x000000003d310000)]
  0x000000001dbb0800 JavaThread "Daemon worker Thread 2" [_thread_in_native, id=17144, stack(0x000000003d110000,0x000000003d210000)]
  0x000000001dbae000 JavaThread "Cancel handler" [_thread_blocked, id=19600, stack(0x000000003d010000,0x000000003d110000)]
  0x000000001dbb5000 JavaThread "Handler for socket connection from /127.0.0.1:50791 to /127.0.0.1:50810" [_thread_in_native, id=8108, stack(0x000000003cf10000,0x000000003d010000)]
  0x000000001dbaf000 JavaThread "Daemon Thread 2" [_thread_blocked, id=5388, stack(0x000000003ce10000,0x000000003cf10000)]
  0x000000001dbaf800 JavaThread "Memory manager" [_thread_blocked, id=11552, stack(0x0000000024ef0000,0x0000000024ff0000)]
  0x000000001cc4f000 JavaThread "File lock request listener" [_thread_in_native, id=17556, stack(0x000000001ef00000,0x000000001f000000)]
  0x000000001c398800 JavaThread "Cache worker for file hash cache (C:\Users\georg\.gradle\caches\4.1\fileHashes)" [_thread_blocked, id=13880, stack(0x000000001ee00000,0x000000001ef00000)]
  0x000000001c5aa800 JavaThread "Daemon periodic checks" [_thread_blocked, id=20892, stack(0x000000001e400000,0x000000001e500000)]
  0x000000001c82d800 JavaThread "Incoming local TCP Connector on port 50791" [_thread_in_native, id=20472, stack(0x000000001cc80000,0x000000001cd80000)]
  0x000000001a875000 JavaThread "Service Thread" daemon [_thread_blocked, id=21152, stack(0x000000001b2b0000,0x000000001b3b0000)]
  0x000000001a7e8000 JavaThread "C1 CompilerThread3" daemon [_thread_blocked, id=19356, stack(0x000000001b1b0000,0x000000001b2b0000)]
=>0x000000001a7dd800 JavaThread "C2 CompilerThread2" daemon [_thread_in_native, id=21132, stack(0x000000001b0b0000,0x000000001b1b0000)]
  0x000000001a7db000 JavaThread "C2 CompilerThread1" daemon [_thread_in_native, id=21404, stack(0x000000001afb0000,0x000000001b0b0000)]
  0x000000001a7d9000 JavaThread "C2 CompilerThread0" daemon [_thread_in_native, id=388, stack(0x000000001aeb0000,0x000000001afb0000)]
  0x000000001a7d8000 JavaThread "Attach Listener" daemon [_thread_blocked, id=20316, stack(0x000000001adb0000,0x000000001aeb0000)]
  0x000000001a7d7000 JavaThread "Signal Dispatcher" daemon [_thread_blocked, id=15108, stack(0x000000001acb0000,0x000000001adb0000)]
  0x000000001a7d0800 JavaThread "Finalizer" daemon [_thread_blocked, id=14012, stack(0x000000001abb0000,0x000000001acb0000)]
  0x0000000004a0a000 JavaThread "Reference Handler" daemon [_thread_blocked, id=21344, stack(0x000000001a6b0000,0x000000001a7b0000)]
  0x0000000004b0e800 JavaThread "main" [_thread_blocked, id=20520, stack(0x00000000047c0000,0x00000000048c0000)]

Other Threads:
  0x00000000188c7000 VMThread [stack: 0x000000001a5b0000,0x000000001a6b0000] [id=20856]
  0x000000001a876000 WatcherThread [stack: 0x000000001b3b0000,0x000000001b4b0000] [id=3756]

VM state:not at safepoint (normal execution)

VM Mutex/Monitor currently owned by a thread: None

Heap:
 PSYoungGen      total 471552K, used 194044K [0x00000000e0000000, 0x00000000fff00000, 0x0000000100000000)
  eden space 419840K, 45% used [0x00000000e0000000,0x00000000ebac6128,0x00000000f9a00000)
  from space 51712K, 5% used [0x00000000f9a00000,0x00000000f9cb9108,0x00000000fcc80000)
  to   space 51712K, 0% used [0x00000000fcc80000,0x00000000fcc80000,0x00000000fff00000)
 ParOldGen       total 192512K, used 139297K [0x00000000a0000000, 0x00000000abc00000, 0x00000000e0000000)
  object space 192512K, 72% used [0x00000000a0000000,0x00000000a8808490,0x00000000abc00000)
 Metaspace       used 72280K, capacity 75244K, committed 75480K, reserved 1114112K
  class space    used 9310K, capacity 9967K, committed 9984K, reserved 1048576K

Card table byte_map: [0x0000000013ed0000,0x00000000141e0000] byte_map_base: 0x00000000139d0000

Marking Bits: (ParMarkBitMap*) 0x0000000053573950
 Begin Bits: [0x0000000014be0000, 0x00000000163e0000)
 End Bits:   [0x00000000163e0000, 0x0000000017be0000)

Polling page: 0x0000000002eb0000

CodeCache: size=245760Kb used=38073Kb max_used=38081Kb free=207686Kb
 bounds [0x0000000004b10000, 0x0000000007070000, 0x0000000013b10000]
 total_blobs=12391 nmethods=11552 adapters=750
 compilation: enabled

Compilation events (10 events):
Event: 118.562 Thread 0x000000001a7e8000 14096       3       org.gradle.api.internal.DependencyInjectingInstantiator$ConstructorCache::get (14 bytes)
Event: 118.563 Thread 0x000000001a7d9000 nmethod 14093 0x0000000007056290 code [0x0000000007056400, 0x0000000007056898]
Event: 118.563 Thread 0x000000001a7d9000 14094   !   4       com.google.common.base.Predicates$InPredicate::apply (17 bytes)
Event: 118.563 Thread 0x000000001a7e8000 nmethod 14096 0x0000000007069490 code [0x00000000070696c0, 0x000000000706a138]
Event: 118.563 Thread 0x000000001a7e8000 14098       3       java.util.concurrent.locks.AbstractQueuedSynchronizer$ConditionObject::doSignalAll (36 bytes)
Event: 118.564 Thread 0x000000001a7e8000 nmethod 14098 0x0000000007051bd0 code [0x0000000007051d40, 0x0000000007052048]
Event: 118.564 Thread 0x000000001a7d9000 nmethod 14094 0x0000000007069010 code [0x0000000007069160, 0x0000000007069278]
Event: 118.564 Thread 0x000000001a7d9000 14100       4       java.io.ObjectOutputStream::writeClassDesc (60 bytes)
Event: 118.565 Thread 0x000000001a7e8000 14101       3       com.google.common.collect.Lists::equalsImpl (63 bytes)
Event: 118.566 Thread 0x000000001a7e8000 nmethod 14101 0x000000000706b6d0 code [0x000000000706b8c0, 0x000000000706c1b8]

GC Heap History (10 events):
Event: 9.702 GC heap before
{Heap before GC invocations=12 (full 3):
 PSYoungGen      total 292352K, used 18829K [0x00000000e0000000, 0x00000000f9980000, 0x0000000100000000)
  eden space 270848K, 0% used [0x00000000e0000000,0x00000000e0000000,0x00000000f0880000)
  from space 21504K, 87% used [0x00000000f0880000,0x00000000f1ae3500,0x00000000f1d80000)
  to   space 23552K, 0% used [0x00000000f8280000,0x00000000f8280000,0x00000000f9980000)
 ParOldGen       total 135680K, used 27098K [0x00000000a0000000, 0x00000000a8480000, 0x00000000e0000000)
  object space 135680K, 19% used [0x00000000a0000000,0x00000000a1a76978,0x00000000a8480000)
 Metaspace       used 57105K, capacity 58930K, committed 59028K, reserved 1099776K
  class space    used 7741K, capacity 8174K, committed 8192K, reserved 1048576K
Event: 9.884 GC heap after
Heap after GC invocations=12 (full 3):
 PSYoungGen      total 292352K, used 0K [0x00000000e0000000, 0x00000000f9980000, 0x0000000100000000)
  eden space 270848K, 0% used [0x00000000e0000000,0x00000000e0000000,0x00000000f0880000)
  from space 21504K, 0% used [0x00000000f0880000,0x00000000f0880000,0x00000000f1d80000)
  to   space 23552K, 0% used [0x00000000f8280000,0x00000000f8280000,0x00000000f9980000)
 ParOldGen       total 192512K, used 34158K [0x00000000a0000000, 0x00000000abc00000, 0x00000000e0000000)
  object space 192512K, 17% used [0x00000000a0000000,0x00000000a215bb50,0x00000000abc00000)
 Metaspace       used 57105K, capacity 58930K, committed 59028K, reserved 1099776K
  class space    used 7741K, capacity 8174K, committed 8192K, reserved 1048576K
}
Event: 14.347 GC heap before
{Heap before GC invocations=13 (full 3):
 PSYoungGen      total 292352K, used 270848K [0x00000000e0000000, 0x00000000f9980000, 0x0000000100000000)
  eden space 270848K, 100% used [0x00000000e0000000,0x00000000f0880000,0x00000000f0880000)
  from space 21504K, 0% used [0x00000000f0880000,0x00000000f0880000,0x00000000f1d80000)
  to   space 23552K, 0% used [0x00000000f8280000,0x00000000f8280000,0x00000000f9980000)
 ParOldGen       total 192512K, used 34158K [0x00000000a0000000, 0x00000000abc00000, 0x00000000e0000000)
  object space 192512K, 17% used [0x00000000a0000000,0x00000000a215bb50,0x00000000abc00000)
 Metaspace       used 65055K, capacity 67246K, committed 67416K, reserved 1107968K
  class space    used 8544K, capacity 9024K, committed 9088K, reserved 1048576K
Event: 14.366 GC heap after
Heap after GC invocations=13 (full 3):
 PSYoungGen      total 371712K, used 22061K [0x00000000e0000000, 0x00000000f9880000, 0x0000000100000000)
  eden space 349184K, 0% used [0x00000000e0000000,0x00000000e0000000,0x00000000f5500000)
  from space 22528K, 97% used [0x00000000f8280000,0x00000000f980b410,0x00000000f9880000)
  to   space 26112K, 0% used [0x00000000f6580000,0x00000000f6580000,0x00000000f7f00000)
 ParOldGen       total 192512K, used 34174K [0x00000000a0000000, 0x00000000abc00000, 0x00000000e0000000)
  object space 192512K, 17% used [0x00000000a0000000,0x00000000a215fb50,0x00000000abc00000)
 Metaspace       used 65055K, capacity 67246K, committed 67416K, reserved 1107968K
  class space    used 8544K, capacity 9024K, committed 9088K, reserved 1048576K
}
Event: 16.165 GC heap before
{Heap before GC invocations=14 (full 3):
 PSYoungGen      total 371712K, used 371245K [0x00000000e0000000, 0x00000000f9880000, 0x0000000100000000)
  eden space 349184K, 100% used [0x00000000e0000000,0x00000000f5500000,0x00000000f5500000)
  from space 22528K, 97% used [0x00000000f8280000,0x00000000f980b410,0x00000000f9880000)
  to   space 26112K, 0% used [0x00000000f6580000,0x00000000f6580000,0x00000000f7f00000)
 ParOldGen       total 192512K, used 34174K [0x00000000a0000000, 0x00000000abc00000, 0x00000000e0000000)
  object space 192512K, 17% used [0x00000000a0000000,0x00000000a215fb50,0x00000000abc00000)
 Metaspace       used 65957K, capacity 68128K, committed 68312K, reserved 1107968K
  class space    used 8637K, capacity 9123K, committed 9216K, reserved 1048576K
Event: 16.225 GC heap after
Heap after GC invocations=14 (full 3):
 PSYoungGen      total 392192K, used 26086K [0x00000000e0000000, 0x0000000100000000, 0x0000000100000000)
  eden space 366080K, 0% used [0x00000000e0000000,0x00000000e0000000,0x00000000f6580000)
  from space 26112K, 99% used [0x00000000f6580000,0x00000000f7ef9a40,0x00000000f7f00000)
  to   space 52736K, 0% used [0x00000000fcc80000,0x00000000fcc80000,0x0000000100000000)
 ParOldGen       total 192512K, used 96961K [0x00000000a0000000, 0x00000000abc00000, 0x00000000e0000000)
  object space 192512K, 50% used [0x00000000a0000000,0x00000000a5eb0630,0x00000000abc00000)
 Metaspace       used 65957K, capacity 68128K, committed 68312K, reserved 1107968K
  class space    used 8637K, capacity 9123K, committed 9216K, reserved 1048576K
}
Event: 19.854 GC heap before
{Heap before GC invocations=15 (full 3):
 PSYoungGen      total 392192K, used 392166K [0x00000000e0000000, 0x0000000100000000, 0x0000000100000000)
  eden space 366080K, 100% used [0x00000000e0000000,0x00000000f6580000,0x00000000f6580000)
  from space 26112K, 99% used [0x00000000f6580000,0x00000000f7ef9a40,0x00000000f7f00000)
  to   space 52736K, 0% used [0x00000000fcc80000,0x00000000fcc80000,0x0000000100000000)
 ParOldGen       total 192512K, used 96961K [0x00000000a0000000, 0x00000000abc00000, 0x00000000e0000000)
  object space 192512K, 50% used [0x00000000a0000000,0x00000000a5eb0630,0x00000000abc00000)
 Metaspace       used 67245K, capacity 69556K, committed 69720K, reserved 1110016K
  class space    used 8794K, capacity 9303K, committed 9344K, reserved 1048576K
Event: 19.880 GC heap after
Heap after GC invocations=15 (full 3):
 PSYoungGen      total 472576K, used 6772K [0x00000000e0000000, 0x0000000100000000, 0x0000000100000000)
  eden space 419840K, 0% used [0x00000000e0000000,0x00000000e0000000,0x00000000f9a00000)
  from space 52736K, 12% used [0x00000000fcc80000,0x00000000fd31d158,0x0000000100000000)
  to   space 51712K, 0% used [0x00000000f9a00000,0x00000000f9a00000,0x00000000fcc80000)
 ParOldGen       total 192512K, used 139289K [0x00000000a0000000, 0x00000000abc00000, 0x00000000e0000000)
  object space 192512K, 72% used [0x00000000a0000000,0x00000000a8806490,0x00000000abc00000)
 Metaspace       used 67245K, capacity 69556K, committed 69720K, reserved 1110016K
  class space    used 8794K, capacity 9303K, committed 9344K, reserved 1048576K
}
Event: 21.421 GC heap before
{Heap before GC invocations=16 (full 3):
 PSYoungGen      total 472576K, used 425774K [0x00000000e0000000, 0x0000000100000000, 0x0000000100000000)
  eden space 419840K, 99% used [0x00000000e0000000,0x00000000f992eaa0,0x00000000f9a00000)
  from space 52736K, 12% used [0x00000000fcc80000,0x00000000fd31d158,0x0000000100000000)
  to   space 51712K, 0% used [0x00000000f9a00000,0x00000000f9a00000,0x00000000fcc80000)
 ParOldGen       total 192512K, used 139289K [0x00000000a0000000, 0x00000000abc00000, 0x00000000e0000000)
  object space 192512K, 72% used [0x00000000a0000000,0x00000000a8806490,0x00000000abc00000)
 Metaspace       used 67517K, capacity 69898K, committed 69976K, reserved 1110016K
  class space    used 8815K, capacity 9322K, committed 9344K, reserved 1048576K
Event: 21.424 GC heap after
Heap after GC invocations=16 (full 3):
 PSYoungGen      total 471552K, used 2788K [0x00000000e0000000, 0x00000000fff00000, 0x0000000100000000)
  eden space 419840K, 0% used [0x00000000e0000000,0x00000000e0000000,0x00000000f9a00000)
  from space 51712K, 5% used [0x00000000f9a00000,0x00000000f9cb9108,0x00000000fcc80000)
  to   space 51712K, 0% used [0x00000000fcc80000,0x00000000fcc80000,0x00000000fff00000)
 ParOldGen       total 192512K, used 139297K [0x00000000a0000000, 0x00000000abc00000, 0x00000000e0000000)
  object space 192512K, 72% used [0x00000000a0000000,0x00000000a8808490,0x00000000abc00000)
 Metaspace       used 67517K, capacity 69898K, committed 69976K, reserved 1110016K
  class space    used 8815K, capacity 9322K, committed 9344K, reserved 1048576K
}

Deoptimization events (10 events):
Event: 117.517 Thread 0x000000001dbb0800 Uncommon trap: reason=class_check action=maybe_recompile pc=0x0000000006d19c34 method=org.gradle.api.internal.changedetection.state.CachingFileHasher.snapshot(Ljava/io/File;JJ)Lorg/gradle/api/internal/changedetection/state/CachingFileHasher$FileInfo; @ 14
Event: 117.582 Thread 0x000000001dbb0800 Uncommon trap: reason=class_check action=maybe_recompile pc=0x0000000006d19c34 method=org.gradle.api.internal.changedetection.state.CachingFileHasher.snapshot(Ljava/io/File;JJ)Lorg/gradle/api/internal/changedetection/state/CachingFileHasher$FileInfo; @ 14
Event: 117.582 Thread 0x000000001dbb0800 Uncommon trap: reason=class_check action=maybe_recompile pc=0x0000000006d19c34 method=org.gradle.api.internal.changedetection.state.CachingFileHasher.snapshot(Ljava/io/File;JJ)Lorg/gradle/api/internal/changedetection/state/CachingFileHasher$FileInfo; @ 14
Event: 118.030 Thread 0x000000001dbb9800 Uncommon trap: reason=unstable_if action=reinterpret pc=0x0000000006a2a348 method=java.util.concurrent.ConcurrentHashMap.putVal(Ljava/lang/Object;Ljava/lang/Object;Z)Ljava/lang/Object; @ 113
Event: 118.093 Thread 0x000000001dbb0800 Uncommon trap: reason=unstable_if action=reinterpret pc=0x000000000667c2b8 method=java.util.ArrayList.remove(Ljava/lang/Object;)Z @ 46
Event: 118.095 Thread 0x000000001dbb0800 Uncommon trap: reason=unstable_if action=reinterpret pc=0x0000000005f58b30 method=com.google.common.collect.ImmutableMap$Builder.ensureCapacity(I)V @ 6
Event: 118.109 Thread 0x000000001dbb0800 Uncommon trap: reason=class_check action=maybe_recompile pc=0x0000000004d43ce4 method=java.util.jar.JarFile.getJarEntry(Ljava/lang/String;)Ljava/util/jar/JarEntry; @ 2
Event: 118.143 Thread 0x000000001dbb0800 Uncommon trap: reason=unstable_if action=reinterpret pc=0x00000000053bf4ec method=com.google.common.base.CharMatcher$IsEither.matches(C)Z @ 5
Event: 118.491 Thread 0x000000001dbb0800 Uncommon trap: reason=predicate action=maybe_recompile pc=0x000000000702383c method=java.util.TimSort.reverseRange([Ljava/lang/Object;II)V @ 8
Event: 118.531 Thread 0x000000001dbb0800 Uncommon trap: reason=bimorphic action=maybe_recompile pc=0x0000000004f023d4 method=org.gradle.api.internal.changedetection.state.TaskFilePropertySnapshotNormalizationStrategy$1.getNormalizedSnapshot(Lorg/gradle/api/internal/changedetection/state/FileSnap

Classes redefined (0 events):
No events

Internal exceptions (10 events):
Event: 21.929 Thread 0x000000001c62a800 Exception <a 'java/lang/NoSuchMethodError': <clinit>> (0x00000000e58fa040) thrown at [D:\src\AOSP-openjdk-cygwin\jdk8u\hotspot\src\share\vm\prims\jni.cpp, line 1613]
Event: 21.929 Thread 0x000000001c62a800 Exception <a 'java/lang/NoSuchMethodError': <clinit>> (0x00000000e59063e0) thrown at [D:\src\AOSP-openjdk-cygwin\jdk8u\hotspot\src\share\vm\prims\jni.cpp, line 1613]
Event: 21.930 Thread 0x000000001c62a800 Exception <a 'java/lang/NoSuchMethodError': <clinit>> (0x00000000e5910d48) thrown at [D:\src\AOSP-openjdk-cygwin\jdk8u\hotspot\src\share\vm\prims\jni.cpp, line 1613]
Event: 21.931 Thread 0x000000001c62a800 Exception <a 'java/lang/NoSuchMethodError': <clinit>> (0x00000000e5919aa0) thrown at [D:\src\AOSP-openjdk-cygwin\jdk8u\hotspot\src\share\vm\prims\jni.cpp, line 1613]
Event: 21.932 Thread 0x000000001c62a800 Exception <a 'java/lang/NoSuchMethodError': <clinit>> (0x00000000e5931580) thrown at [D:\src\AOSP-openjdk-cygwin\jdk8u\hotspot\src\share\vm\prims\jni.cpp, line 1613]
Event: 21.933 Thread 0x000000001c62a800 Exception <a 'java/lang/NoSuchMethodError': <clinit>> (0x00000000e5944558) thrown at [D:\src\AOSP-openjdk-cygwin\jdk8u\hotspot\src\share\vm\prims\jni.cpp, line 1613]
Event: 21.933 Thread 0x000000001c62a800 Exception <a 'java/lang/NoSuchMethodError': <clinit>> (0x00000000e5948c38) thrown at [D:\src\AOSP-openjdk-cygwin\jdk8u\hotspot\src\share\vm\prims\jni.cpp, line 1613]
Event: 21.936 Thread 0x000000001c62b000 Exception <a 'java/lang/NoSuchMethodError': <clinit>> (0x00000000e5f9e898) thrown at [D:\src\AOSP-openjdk-cygwin\jdk8u\hotspot\src\share\vm\prims\jni.cpp, line 1613]
Event: 117.571 Thread 0x000000001dbb0800 Exception <a 'java/lang/ClassNotFoundException': sync_local_repo5930_asr5x5pyc33pcsx8rjm3jvhlBeanInfo> (0x00000000e6dae278) thrown at [D:\src\AOSP-openjdk-cygwin\jdk8u\hotspot\src\share\vm\classfile\systemDictionary.cpp, line 210]
Event: 117.571 Thread 0x000000001dbb0800 Exception <a 'java/lang/ClassNotFoundException': sync_local_repo5930_asr5x5pyc33pcsx8rjm3jvhlCustomizer> (0x00000000e6db88a0) thrown at [D:\src\AOSP-openjdk-cygwin\jdk8u\hotspot\src\share\vm\classfile\systemDictionary.cpp, line 210]

Events (10 events):
Event: 118.339 Executing VM operation: RevokeBias
Event: 118.339 Executing VM operation: RevokeBias done
Event: 118.344 Executing VM operation: RevokeBias
Event: 118.344 Executing VM operation: RevokeBias done
Event: 118.490 Thread 0x000000001dbb0800 Uncommon trap: trap_request=0xffffff86 fr.pc=0x000000000702383c
Event: 118.491 Thread 0x000000001dbb0800 DEOPT PACKING pc=0x000000000702383c sp=0x000000003d20bd70
Event: 118.491 Thread 0x000000001dbb0800 DEOPT UNPACKING pc=0x0000000004b5556a sp=0x000000003d20bbf8 mode 2
Event: 118.531 Thread 0x000000001dbb0800 Uncommon trap: trap_request=0xffffffc6 fr.pc=0x0000000004f023d4
Event: 118.531 Thread 0x000000001dbb0800 DEOPT PACKING pc=0x0000000004f023d4 sp=0x000000003d20ba00
Event: 118.531 Thread 0x000000001dbb0800 DEOPT UNPACKING pc=0x0000000004b5556a sp=0x000000003d20b990 mode 2


Dynamic libraries:
0x00007ff6ea730000 - 0x00007ff6ea761000 	C:\Program Files\Android\Android Studio\jre\bin\java.exe
0x00007ffe74ff0000 - 0x00007ffe751d0000 	C:\WINDOWS\SYSTEM32\ntdll.dll
0x00007ffe685c0000 - 0x00007ffe685f4000 	C:\Program Files\AVAST Software\Avast\x64\aswhooka.dll
0x00007ffe74220000 - 0x00007ffe742ce000 	C:\WINDOWS\System32\KERNEL32.DLL
0x00007ffe71c50000 - 0x00007ffe71eb6000 	C:\WINDOWS\System32\KERNELBASE.dll
0x00007ffe74170000 - 0x00007ffe74211000 	C:\WINDOWS\System32\ADVAPI32.dll
0x00007ffe74dd0000 - 0x00007ffe74e6d000 	C:\WINDOWS\System32\msvcrt.dll
0x00007ffe73c30000 - 0x00007ffe73c8b000 	C:\WINDOWS\System32\sechost.dll
0x00007ffe74ea0000 - 0x00007ffe74fbf000 	C:\WINDOWS\System32\RPCRT4.dll
0x00007ffe724c0000 - 0x00007ffe7264f000 	C:\WINDOWS\System32\USER32.dll
0x00007ffe72130000 - 0x00007ffe72150000 	C:\WINDOWS\System32\win32u.dll
0x00007ffe740b0000 - 0x00007ffe740d8000 	C:\WINDOWS\System32\GDI32.dll
0x00007ffe72320000 - 0x00007ffe724b3000 	C:\WINDOWS\System32\gdi32full.dll
0x00007ffe72090000 - 0x00007ffe7212b000 	C:\WINDOWS\System32\msvcp_win.dll
0x00007ffe71ec0000 - 0x00007ffe71fb6000 	C:\WINDOWS\System32\ucrtbase.dll
0x00007ffe6bf90000 - 0x00007ffe6c1f9000 	C:\WINDOWS\WinSxS\amd64_microsoft.windows.common-controls_6595b64144ccf1df_6.0.16299.248_none_15ced204935f55d7\COMCTL32.dll
0x00007ffe73da0000 - 0x00007ffe740a8000 	C:\WINDOWS\System32\combase.dll
0x00007ffe72010000 - 0x00007ffe72082000 	C:\WINDOWS\System32\bcryptPrimitives.dll
0x00007ffe74e70000 - 0x00007ffe74e9d000 	C:\WINDOWS\System32\IMM32.DLL
0x0000000077680000 - 0x0000000077752000 	C:\Program Files\Android\Android Studio\jre\jre\bin\msvcr100.dll
0x0000000052db0000 - 0x00000000535ee000 	C:\Program Files\Android\Android Studio\jre\jre\bin\server\jvm.dll
0x00007ffe74da0000 - 0x00007ffe74da8000 	C:\WINDOWS\System32\PSAPI.DLL
0x00007ffe69fc0000 - 0x00007ffe69fc9000 	C:\WINDOWS\SYSTEM32\WSOCK32.dll
0x00007ffe74d30000 - 0x00007ffe74d9c000 	C:\WINDOWS\System32\WS2_32.dll
0x00007ffe68f90000 - 0x00007ffe68fb3000 	C:\WINDOWS\SYSTEM32\WINMM.dll
0x00007ffe6d3a0000 - 0x00007ffe6d3aa000 	C:\WINDOWS\SYSTEM32\VERSION.dll
0x00007ffe68f60000 - 0x00007ffe68f8a000 	C:\WINDOWS\SYSTEM32\WINMMBASE.dll
0x00007ffe71fc0000 - 0x00007ffe7200a000 	C:\WINDOWS\System32\cfgmgr32.dll
0x00007ffe6c6b0000 - 0x00007ffe6c6bf000 	C:\Program Files\Android\Android Studio\jre\jre\bin\verify.dll
0x00007ffe6af50000 - 0x00007ffe6af79000 	C:\Program Files\Android\Android Studio\jre\jre\bin\java.dll
0x00007ffe6b590000 - 0x00007ffe6b5a6000 	C:\Program Files\Android\Android Studio\jre\jre\bin\zip.dll
0x00007ffe72650000 - 0x00007ffe73a86000 	C:\WINDOWS\System32\SHELL32.dll
0x00007ffe73c90000 - 0x00007ffe73d36000 	C:\WINDOWS\System32\shcore.dll
0x00007ffe71500000 - 0x00007ffe71c47000 	C:\WINDOWS\System32\windows.storage.dll
0x00007ffe73d40000 - 0x00007ffe73d91000 	C:\WINDOWS\System32\shlwapi.dll
0x00007ffe71340000 - 0x00007ffe71351000 	C:\WINDOWS\System32\kernel.appcore.dll
0x00007ffe71380000 - 0x00007ffe713cc000 	C:\WINDOWS\System32\powrprof.dll
0x00007ffe71360000 - 0x00007ffe7137b000 	C:\WINDOWS\System32\profapi.dll
0x00007ffe6a6a0000 - 0x00007ffe6a6ba000 	C:\Program Files\Android\Android Studio\jre\jre\bin\net.dll
0x00007ffe70b70000 - 0x00007ffe70bd6000 	C:\WINDOWS\system32\mswsock.dll
0x00007ffe68dc0000 - 0x00007ffe68dd1000 	C:\Program Files\Android\Android Studio\jre\jre\bin\nio.dll
0x00007ffe53460000 - 0x00007ffe5347e000 	C:\Users\georg\.gradle\native\25\windows-amd64\native-platform.dll
0x00007ffe6b400000 - 0x00007ffe6b40d000 	C:\Program Files\Android\Android Studio\jre\jre\bin\management.dll
0x00007ffe70d30000 - 0x00007ffe70d47000 	C:\WINDOWS\SYSTEM32\CRYPTSP.dll
0x00007ffe70780000 - 0x00007ffe707b3000 	C:\WINDOWS\system32\rsaenh.dll
0x00007ffe70e40000 - 0x00007ffe70e65000 	C:\WINDOWS\SYSTEM32\bcrypt.dll
0x00007ffe71270000 - 0x00007ffe71299000 	C:\WINDOWS\SYSTEM32\USERENV.dll
0x00007ffe70d50000 - 0x00007ffe70d5b000 	C:\WINDOWS\SYSTEM32\CRYPTBASE.dll
0x00007ffe70900000 - 0x00007ffe70939000 	C:\WINDOWS\SYSTEM32\IPHLPAPI.DLL
0x00007ffe74d20000 - 0x00007ffe74d28000 	C:\WINDOWS\System32\NSI.dll
0x00007ffe6d320000 - 0x00007ffe6d336000 	C:\WINDOWS\SYSTEM32\dhcpcsvc6.DLL
0x00007ffe6d760000 - 0x00007ffe6d77a000 	C:\WINDOWS\SYSTEM32\dhcpcsvc.DLL
0x00007ffe70480000 - 0x00007ffe704b1000 	C:\WINDOWS\SYSTEM32\ntmarta.dll

VM Arguments:
jvm_args: -Xmx1536m -Dfile.encoding=windows-1252 -Duser.country=GB -Duser.language=en -Duser.variant 
java_command: org.gradle.launcher.daemon.bootstrap.GradleDaemon 4.1
java_class_path (initial): C:\Users\georg\.gradle\wrapper\dists\gradle-4.1-all\bzyivzo6n839fup2jbap0tjew\gradle-4.1\lib\gradle-launcher-4.1.jar
Launcher Type: SUN_STANDARD

Environment Variables:
PATH=C:\Program Files\Haskell\bin;C:\Program Files\Haskell Platform\8.2.1\lib\extralibs\bin;C:\Program Files\Haskell Platform\8.2.1\bin;C:\ProgramData\Oracle\Java\javapath;C:\Program Files (x86)\Intel\iCLS Client\;C:\Program Files\Intel\iCLS Client\;C:\Windows\system32;C:\Windows;C:\Windows\System32\Wbem;C:\Windows\System32\WindowsPowerShell\v1.0\;C:\Program Files (x86)\Intel\Intel(R) Management Engine Components\DAL;C:\Program Files\Intel\Intel(R) Management Engine Components\DAL;C:\Program Files (x86)\Intel\Intel(R) Management Engine Components\IPT;C:\Program Files\Intel\Intel(R) Management Engine Components\IPT;C:\Program Files\Intel\WiFi\bin\;C:\Program Files\Common Files\Intel\WirelessCommon\;C:\Program Files (x86)\GtkSharp\2.12\bin;C:\WINDOWS\system32;C:\WINDOWS;C:\WINDOWS\System32\Wbem;C:\WINDOWS\System32\WindowsPowerShell\v1.0\;C:\Program Files\Java\jdk1.8.0_121\bin;C:\Users\georg\Documents\javacc-5.0\bin;C:\Program Files (x86)\NVIDIA Corporation\PhysX\Common;C:\ProgramData\chocolatey\bin;C:\Program Files (x86)\Skype\Phone\;C:\WINDOWS\system32;C:\WINDOWS;C:\WINDOWS\System32\Wbem;C:\WINDOWS\System32\WindowsPowerShell\v1.0\;C:\Program Files\Microsoft SQL Server\130\Tools\Binn\;C:\Program Files\dotnet\;C:\Program Files\Microsoft SQL Server\120\DTS\Binn\;C:\Program Files\Microsoft SQL Server\Client SDK\ODBC\110\Tools\Binn\;C:\Program Files (x86)\Microsoft SQL Server\120\Tools\Binn\;C:\Program Files\Microsoft SQL Server\120\Tools\Binn\;C:\Program Files (x86)\Microsoft SQL Server\120\Tools\Binn\ManagementStudio\;C:\Program Files (x86)\Microsoft SQL Server\120\DTS\Binn\;C:\Program Files\Haskell Platform\8.2.1\mingw\bin;C:\Program Files\Git\cmd;C:\Program Files\MATLAB\R2017b\bin;C:\Program Files (x86)\Brackets\command;C:\Users\georg\AppData\Roaming\cabal\bin;C:\Users\georg\AppData\Roaming\local\bin;C:\Users\georg\AppData\Local\Microsoft\WindowsApps;
USERNAME=georg
OS=Windows_NT
PROCESSOR_IDENTIFIER=Intel64 Family 6 Model 158 Stepping 9, GenuineIntel



---------------  S Y S T E M  ---------------

OS: Windows 10.0 , 64 bit Build 16299 (10.0.16299.15)

CPU:total 8 (initial active 8) (4 cores per cpu, 2 threads per core) family 6 model 158 stepping 9, cmov, cx8, fxsr, mmx, sse, sse2, sse3, ssse3, sse4.1, sse4.2, popcnt, avx, avx2, aes, clmul, erms, 3dnowpref, lzcnt, ht, tsc, tscinvbit, bmi1, bmi2, adx

Memory: 4k page, physical 16695140k(3919380k free), swap 22839140k(4576k free)

vm_info: OpenJDK 64-Bit Server VM (25.152-b01) for windows-amd64 JRE (1.8.0_152-release-915-b01), built by "builder" with MS VC++ 10.0 (VS2010)

time: Tue Feb 20 01:54:18 2018
elapsed time: 119 seconds (0d 0h 1m 59s)

